<?xml version="1.0" encoding="UTF-8"?>
<!-- Generated by org.testng.reporters.JUnitXMLReporter -->
<testsuite ignored="2" hostname="bdc7-l-fmvbb54" failures="0" tests="1" name="Test1" time="0.053" errors="0" timestamp="2025-03-09T19:21:40 IST">
  <testcase classname="com.edureka.Excel.MyTestClass" name="samplemethod1" time="0.012"/>
  <testcase classname="com.edureka.Excel.MyTestClass" name="samplemethod2" time="0.0">
    <ignored/>
  </testcase> <!-- samplemethod2 -->
  <testcase classname="com.edureka.Excel.MyTestClass" name="samplemethod3" time="0.0">
    <ignored/>
  </testcase> <!-- samplemethod3 -->
</testsuite> <!-- Test1 -->
