<?xml version="1.0" encoding="UTF-8"?>
<!-- Generated by org.testng.reporters.JUnitXMLReporter -->
<testsuite ignored="0" hostname="bdc7-l-fmvbb54" failures="0" tests="5" name="Priority" time="0.017" errors="0" timestamp="2025-08-04T16:20:20 IST">
  <testcase classname="com.edureka.Excel.TestNG_Priority" name="testCase3" time="0.001"/>
  <testcase classname="com.edureka.Excel.TestNG_Priority" name="testCase5" time="0.001"/>
  <testcase classname="com.edureka.Excel.TestNG_Priority" name="testCase1" time="0.001"/>
  <testcase classname="com.edureka.Excel.TestNG_Priority" name="testCase4" time="0.002"/>
  <testcase classname="com.edureka.Excel.TestNG_Priority" name="testCase2" time="0.002"/>
</testsuite> <!-- Priority -->
