<?xml version="1.0" encoding="UTF-8"?>
<!-- Generated by org.testng.reporters.JUnitXMLReporter -->
<testsuite ignored="1" hostname="bdc7-l-fmvbb54" failures="0" tests="1" name="TestNG_NestedGroups" time="0.044" errors="0" timestamp="2025-08-05T13:45:50 IST">
  <testcase classname="com.edureka.Excel.TestNG_NestedGroups" name="testCase1" time="0.008"/>
  <testcase classname="com.edureka.Excel.TestNG_NestedGroups" name="testCase2" time="0.0">
    <ignored/>
  </testcase> <!-- testCase2 -->
</testsuite> <!-- TestNG_NestedGroups -->
