<?xml version="1.0" encoding="UTF-8"?>
<!-- Generated by org.testng.reporters.JUnitXMLReporter -->
<testsuite ignored="1" hostname="bdc7-l-fmvbb54" failures="0" tests="1" name="TestNG_Groups_Exclude" time="0.04" errors="0" timestamp="2025-08-05T13:54:35 IST">
  <testcase classname="com.edureka.Excel.TestNG_Groups_Exclude$TestNG_NestedGroups" name="testCase2" time="0.008"/>
  <testcase classname="com.edureka.Excel.TestNG_Groups_Exclude$TestNG_NestedGroups" name="testCase1" time="0.0">
    <ignored/>
  </testcase> <!-- testCase1 -->
</testsuite> <!-- TestNG_Groups_Exclude -->
