<?xml version="1.0" encoding="UTF-8"?>
<!-- Generated by org.testng.reporters.JUnitXMLReporter -->
<testsuite ignored="1" hostname="bdc7-l-fmvbb54" failures="0" tests="1" name="TestNG_Groups" time="0.038" errors="0" timestamp="2025-08-04T16:22:29 IST">
  <testcase classname="com.edureka.Excel.TestNG_Groups" name="testCase1" time="0.008"/>
  <testcase classname="com.edureka.Excel.TestNG_Groups" name="testCase2" time="0.0">
    <ignored/>
  </testcase> <!-- testCase2 -->
</testsuite> <!-- TestNG_Groups -->
