<?xml version="1.0" encoding="UTF-8"?>
<!-- Generated by org.testng.reporters.JUnitXMLReporter -->
<testsuite ignored="0" hostname="bdc7-l-fmvbb54" failures="0" tests="7" name="ToolsQA" time="0.082" errors="0" timestamp="2025-07-31T19:31:40 IST">
  <testcase classname="com.edureka.Excel.TestNGAnnotations" name="testCase1" time="0.015"/>
  <testcase classname="com.edureka.Excel.TestNGAnnotations" name="testCase2" time="0.017"/>
  <testcase classname="com.edureka.Excel.TestNG_Priority" name="testCase3" time="0.012"/>
  <testcase classname="com.edureka.Excel.TestNG_Priority" name="testCase5" time="0.001"/>
  <testcase classname="com.edureka.Excel.TestNG_Priority" name="testCase1" time="0.0"/>
  <testcase classname="com.edureka.Excel.TestNG_Priority" name="testCase4" time="0.001"/>
  <testcase classname="com.edureka.Excel.TestNG_Priority" name="testCase2" time="0.001"/>
</testsuite> <!-- ToolsQA -->
